step          1                   beforeComputeField_FirstHalfStep GPU memory total          0 free          0 free CPU memory      25650 
step          1                    afterComputeField_FirstHalfStep GPU memory total          0 free          0 free CPU memory      25650 
step          1                      before_CellOrder_StepAllCells GPU memory total          0 free          0 free CPU memory      25646 
step          1                            CellOrder_StepAllCells1 GPU memory total          0 free          0 free CPU memory      25646 
step          1                            CellOrder_StepAllCells3 GPU memory total          0 free          0 free CPU memory      25646 
step          1                            CellOrder_StepAllCells4 GPU memory total          0 free          0 free CPU memory      25646 
step          1                            CellOrder_StepAllCells5 GPU memory total          0 free          0 free CPU memory      25646 
step          1                            CellOrder_StepAllCells6 GPU memory total          0 free          0 free CPU memory      25644 
step          1                            CellOrder_StepAllCells7 GPU memory total          0 free          0 free CPU memory      25644 
step          1                       after_CellOrder_StepAllCells GPU memory total          0 free          0 free CPU memory      25644 
step          1                                          before270 GPU memory total          0 free          0 free CPU memory      25644 
step          1                  after_ComputeField_SecondHalfStep GPU memory total          0 free          0 free CPU memory      25644 
step          2                   beforeComputeField_FirstHalfStep GPU memory total          0 free          0 free CPU memory      25644 
step          2                    afterComputeField_FirstHalfStep GPU memory total          0 free          0 free CPU memory      25644 
step          2                      before_CellOrder_StepAllCells GPU memory total          0 free          0 free CPU memory      25641 
step          2                            CellOrder_StepAllCells1 GPU memory total          0 free          0 free CPU memory      25641 
step          2                            CellOrder_StepAllCells3 GPU memory total          0 free          0 free CPU memory      25641 
step          2                                    beforeCopyCells GPU memory total          0 free          0 free CPU memory      25641 
step          2                                     afterCopyCells GPU memory total          0 free          0 free CPU memory      25467 
step          2                            CellOrder_StepAllCells4 GPU memory total          0 free          0 free CPU memory      25451 
step          2                            CellOrder_StepAllCells5 GPU memory total          0 free          0 free CPU memory      25451 
step          2                            CellOrder_StepAllCells6 GPU memory total          0 free          0 free CPU memory      25451 
step          2                            CellOrder_StepAllCells7 GPU memory total          0 free          0 free CPU memory      25451 
step          2                       after_CellOrder_StepAllCells GPU memory total          0 free          0 free CPU memory      25451 
step          2                                          before270 GPU memory total          0 free          0 free CPU memory      25451 
step          2                  after_ComputeField_SecondHalfStep GPU memory total          0 free          0 free CPU memory      25451 
step          3                   beforeComputeField_FirstHalfStep GPU memory total          0 free          0 free CPU memory      25451 
step          3                    afterComputeField_FirstHalfStep GPU memory total          0 free          0 free CPU memory      25451 
step          3                      before_CellOrder_StepAllCells GPU memory total          0 free          0 free CPU memory      25449 
step          3                            CellOrder_StepAllCells1 GPU memory total          0 free          0 free CPU memory      25449 
step          3                            CellOrder_StepAllCells3 GPU memory total          0 free          0 free CPU memory      25449 
step          3                            CellOrder_StepAllCells4 GPU memory total          0 free          0 free CPU memory      25449 
step          3                            CellOrder_StepAllCells5 GPU memory total          0 free          0 free CPU memory      25449 
step          3                            CellOrder_StepAllCells6 GPU memory total          0 free          0 free CPU memory      25449 
step          3                            CellOrder_StepAllCells7 GPU memory total          0 free          0 free CPU memory      25449 
step          3                       after_CellOrder_StepAllCells GPU memory total          0 free          0 free CPU memory      25449 
step          3                                          before270 GPU memory total          0 free          0 free CPU memory      25449 
step          3                  after_ComputeField_SecondHalfStep GPU memory total          0 free          0 free CPU memory      25449 
step          4                   beforeComputeField_FirstHalfStep GPU memory total          0 free          0 free CPU memory      25449 
step          4                    afterComputeField_FirstHalfStep GPU memory total          0 free          0 free CPU memory      25449 
step          4                      before_CellOrder_StepAllCells GPU memory total          0 free          0 free CPU memory      25448 
step          4                            CellOrder_StepAllCells1 GPU memory total          0 free          0 free CPU memory      25448 
step          4                            CellOrder_StepAllCells3 GPU memory total          0 free          0 free CPU memory      25447 
step          4                                    beforeCopyCells GPU memory total          0 free          0 free CPU memory      25447 
step          4                                     afterCopyCells GPU memory total          0 free          0 free CPU memory      25446 
step          4                            CellOrder_StepAllCells4 GPU memory total          0 free          0 free CPU memory      25425 
step          4                            CellOrder_StepAllCells5 GPU memory total          0 free          0 free CPU memory      25425 
step          4                            CellOrder_StepAllCells6 GPU memory total          0 free          0 free CPU memory      25425 
step          4                            CellOrder_StepAllCells7 GPU memory total          0 free          0 free CPU memory      25425 
step          4                       after_CellOrder_StepAllCells GPU memory total          0 free          0 free CPU memory      25425 
step          4                                          before270 GPU memory total          0 free          0 free CPU memory      25425 
step          4                  after_ComputeField_SecondHalfStep GPU memory total          0 free          0 free CPU memory      25425 
step          5                   beforeComputeField_FirstHalfStep GPU memory total          0 free          0 free CPU memory      25425 
step          5                    afterComputeField_FirstHalfStep GPU memory total          0 free          0 free CPU memory      25425 
step          5                      before_CellOrder_StepAllCells GPU memory total          0 free          0 free CPU memory      25424 
step          5                            CellOrder_StepAllCells1 GPU memory total          0 free          0 free CPU memory      25424 
step          5                            CellOrder_StepAllCells3 GPU memory total          0 free          0 free CPU memory      25424 
step          5                            CellOrder_StepAllCells4 GPU memory total          0 free          0 free CPU memory      25424 
step          5                            CellOrder_StepAllCells5 GPU memory total          0 free          0 free CPU memory      25424 
step          5                            CellOrder_StepAllCells6 GPU memory total          0 free          0 free CPU memory      25424 
step          5                            CellOrder_StepAllCells7 GPU memory total          0 free          0 free CPU memory      25424 
step          5                       after_CellOrder_StepAllCells GPU memory total          0 free          0 free CPU memory      25424 
step          5                                          before270 GPU memory total          0 free          0 free CPU memory      25424 
step          5                  after_ComputeField_SecondHalfStep GPU memory total          0 free          0 free CPU memory      25423 
step          6                   beforeComputeField_FirstHalfStep GPU memory total          0 free          0 free CPU memory      25423 
step          6                    afterComputeField_FirstHalfStep GPU memory total          0 free          0 free CPU memory      25423 
step          6                      before_CellOrder_StepAllCells GPU memory total          0 free          0 free CPU memory      25423 
step          6                            CellOrder_StepAllCells1 GPU memory total          0 free          0 free CPU memory      25423 
step          6                            CellOrder_StepAllCells3 GPU memory total          0 free          0 free CPU memory      25423 
step          6                                    beforeCopyCells GPU memory total          0 free          0 free CPU memory      25423 
step          6                                     afterCopyCells GPU memory total          0 free          0 free CPU memory      25422 
step          6                            CellOrder_StepAllCells4 GPU memory total          0 free          0 free CPU memory      25405 
step          6                            CellOrder_StepAllCells5 GPU memory total          0 free          0 free CPU memory      25405 
step          6                            CellOrder_StepAllCells6 GPU memory total          0 free          0 free CPU memory      25405 
step          6                            CellOrder_StepAllCells7 GPU memory total          0 free          0 free CPU memory      25405 
step          6                       after_CellOrder_StepAllCells GPU memory total          0 free          0 free CPU memory      25405 
step          6                                          before270 GPU memory total          0 free          0 free CPU memory      25405 
step          6                  after_ComputeField_SecondHalfStep GPU memory total          0 free          0 free CPU memory      25405 
step          7                   beforeComputeField_FirstHalfStep GPU memory total          0 free          0 free CPU memory      25405 
step          7                    afterComputeField_FirstHalfStep GPU memory total          0 free          0 free CPU memory      25405 
step          7                      before_CellOrder_StepAllCells GPU memory total          0 free          0 free CPU memory      25405 
step          7                            CellOrder_StepAllCells1 GPU memory total          0 free          0 free CPU memory      25405 
step          7                            CellOrder_StepAllCells3 GPU memory total          0 free          0 free CPU memory      25405 
step          7                            CellOrder_StepAllCells4 GPU memory total          0 free          0 free CPU memory      25401 
step          7                            CellOrder_StepAllCells5 GPU memory total          0 free          0 free CPU memory      25393 
step          7                            CellOrder_StepAllCells6 GPU memory total          0 free          0 free CPU memory      25393 
step          7                            CellOrder_StepAllCells7 GPU memory total          0 free          0 free CPU memory      25392 
step          7                       after_CellOrder_StepAllCells GPU memory total          0 free          0 free CPU memory      25392 
step          7                                          before270 GPU memory total          0 free          0 free CPU memory      25392 
step          7                  after_ComputeField_SecondHalfStep GPU memory total          0 free          0 free CPU memory      25390 
step          8                   beforeComputeField_FirstHalfStep GPU memory total          0 free          0 free CPU memory      25389 
step          8                    afterComputeField_FirstHalfStep GPU memory total          0 free          0 free CPU memory      25389 
step          8                      before_CellOrder_StepAllCells GPU memory total          0 free          0 free CPU memory      25372 
step          8                            CellOrder_StepAllCells1 GPU memory total          0 free          0 free CPU memory      25372 
step          8                            CellOrder_StepAllCells3 GPU memory total          0 free          0 free CPU memory      25357 
step          8                                    beforeCopyCells GPU memory total          0 free          0 free CPU memory      25357 
step          8                                     afterCopyCells GPU memory total          0 free          0 free CPU memory      25357 
step          8                            CellOrder_StepAllCells4 GPU memory total          0 free          0 free CPU memory      25111 
step          8                            CellOrder_StepAllCells5 GPU memory total          0 free          0 free CPU memory      25080 
step          8                            CellOrder_StepAllCells6 GPU memory total          0 free          0 free CPU memory      25080 
step          8                            CellOrder_StepAllCells7 GPU memory total          0 free          0 free CPU memory      25079 
step          8                       after_CellOrder_StepAllCells GPU memory total          0 free          0 free CPU memory      25079 
step          8                                          before270 GPU memory total          0 free          0 free CPU memory      25079 
step          8                  after_ComputeField_SecondHalfStep GPU memory total          0 free          0 free CPU memory      25075 
step          9                   beforeComputeField_FirstHalfStep GPU memory total          0 free          0 free CPU memory      25075 
step          9                    afterComputeField_FirstHalfStep GPU memory total          0 free          0 free CPU memory      25075 
step          9                      before_CellOrder_StepAllCells GPU memory total          0 free          0 free CPU memory      25046 
step          9                            CellOrder_StepAllCells1 GPU memory total          0 free          0 free CPU memory      25046 
step          9                            CellOrder_StepAllCells3 GPU memory total          0 free          0 free CPU memory      25016 
step          9                            CellOrder_StepAllCells4 GPU memory total          0 free          0 free CPU memory      24731 
step          9                            CellOrder_StepAllCells5 GPU memory total          0 free          0 free CPU memory      24684 
step          9                            CellOrder_StepAllCells6 GPU memory total          0 free          0 free CPU memory      24684 
step          9                            CellOrder_StepAllCells7 GPU memory total          0 free          0 free CPU memory      24682 
step          9                       after_CellOrder_StepAllCells GPU memory total          0 free          0 free CPU memory      24682 
step          9                                          before270 GPU memory total          0 free          0 free CPU memory      24682 
step          9                  after_ComputeField_SecondHalfStep GPU memory total          0 free          0 free CPU memory      24676 
step         10                   beforeComputeField_FirstHalfStep GPU memory total          0 free          0 free CPU memory      24675 
step         10                    afterComputeField_FirstHalfStep GPU memory total          0 free          0 free CPU memory      24675 
step         10                      before_CellOrder_StepAllCells GPU memory total          0 free          0 free CPU memory      24630 
step         10                            CellOrder_StepAllCells1 GPU memory total          0 free          0 free CPU memory      24630 
step         10                            CellOrder_StepAllCells3 GPU memory total          0 free          0 free CPU memory      24589 
step         10                                    beforeCopyCells GPU memory total          0 free          0 free CPU memory      24589 
step         10                                     afterCopyCells GPU memory total          0 free          0 free CPU memory      24587 
step         10                            CellOrder_StepAllCells4 GPU memory total          0 free          0 free CPU memory      24754 
step         10                            CellOrder_StepAllCells5 GPU memory total          0 free          0 free CPU memory      24754 
step         10                            CellOrder_StepAllCells6 GPU memory total          0 free          0 free CPU memory      24754 
step         10                            CellOrder_StepAllCells7 GPU memory total          0 free          0 free CPU memory      24754 
step         10                       after_CellOrder_StepAllCells GPU memory total          0 free          0 free CPU memory      24754 
step         10                                          before270 GPU memory total          0 free          0 free CPU memory      24754 
step         10                  after_ComputeField_SecondHalfStep GPU memory total          0 free          0 free CPU memory      24754 
