step          1                   beforeComputeField_FirstHalfStep GPU memory total          0 free          0 free CPU memory       6895 
step          1                    afterComputeField_FirstHalfStep GPU memory total          0 free          0 free CPU memory       6895 
step          1                      before_CellOrder_StepAllCells GPU memory total          0 free          0 free CPU memory       6895 
step          1                            CellOrder_StepAllCells1 GPU memory total          0 free          0 free CPU memory       6895 
step          1                            CellOrder_StepAllCells3 GPU memory total          0 free          0 free CPU memory       6895 
step          1                                    beforeCopyCells GPU memory total          0 free          0 free CPU memory       6902 
step          1                                     afterCopyCells GPU memory total          0 free          0 free CPU memory       6727 
step          1                            CellOrder_StepAllCells4 GPU memory total          0 free          0 free CPU memory       6720 
step          1                            CellOrder_StepAllCells5 GPU memory total          0 free          0 free CPU memory       6720 
step          1                            CellOrder_StepAllCells6 GPU memory total          0 free          0 free CPU memory       6720 
step          1                            CellOrder_StepAllCells7 GPU memory total          0 free          0 free CPU memory       6720 
step          1                       after_CellOrder_StepAllCells GPU memory total          0 free          0 free CPU memory       6720 
step          1                                          before270 GPU memory total          0 free          0 free CPU memory       6720 
step          1                  after_ComputeField_SecondHalfStep GPU memory total          0 free          0 free CPU memory       6719 
step          2                   beforeComputeField_FirstHalfStep GPU memory total          0 free          0 free CPU memory       6719 
step          2                    afterComputeField_FirstHalfStep GPU memory total          0 free          0 free CPU memory       6719 
step          2                      before_CellOrder_StepAllCells GPU memory total          0 free          0 free CPU memory       6719 
step          2                            CellOrder_StepAllCells1 GPU memory total          0 free          0 free CPU memory       6719 
step          2                            CellOrder_StepAllCells3 GPU memory total          0 free          0 free CPU memory       6719 
step          2                                    beforeCopyCells GPU memory total          0 free          0 free CPU memory       6726 
step          2                                     afterCopyCells GPU memory total          0 free          0 free CPU memory       6726 
step          2                            CellOrder_StepAllCells4 GPU memory total          0 free          0 free CPU memory       6710 
step          2                            CellOrder_StepAllCells5 GPU memory total          0 free          0 free CPU memory       6710 
step          2                            CellOrder_StepAllCells6 GPU memory total          0 free          0 free CPU memory       6710 
step          2                            CellOrder_StepAllCells7 GPU memory total          0 free          0 free CPU memory       6710 
step          2                       after_CellOrder_StepAllCells GPU memory total          0 free          0 free CPU memory       6710 
step          2                                          before270 GPU memory total          0 free          0 free CPU memory       6710 
step          2                  after_ComputeField_SecondHalfStep GPU memory total          0 free          0 free CPU memory       6710 
step          3                   beforeComputeField_FirstHalfStep GPU memory total          0 free          0 free CPU memory       6710 
step          3                    afterComputeField_FirstHalfStep GPU memory total          0 free          0 free CPU memory       6710 
step          3                      before_CellOrder_StepAllCells GPU memory total          0 free          0 free CPU memory       6710 
step          3                            CellOrder_StepAllCells1 GPU memory total          0 free          0 free CPU memory       6710 
step          3                            CellOrder_StepAllCells3 GPU memory total          0 free          0 free CPU memory       6710 
step          3                                    beforeCopyCells GPU memory total          0 free          0 free CPU memory       6718 
step          3                                     afterCopyCells GPU memory total          0 free          0 free CPU memory       6718 
step          3                            CellOrder_StepAllCells4 GPU memory total          0 free          0 free CPU memory       6702 
step          3                            CellOrder_StepAllCells5 GPU memory total          0 free          0 free CPU memory       6702 
step          3                            CellOrder_StepAllCells6 GPU memory total          0 free          0 free CPU memory       6702 
step          3                            CellOrder_StepAllCells7 GPU memory total          0 free          0 free CPU memory       6702 
step          3                       after_CellOrder_StepAllCells GPU memory total          0 free          0 free CPU memory       6702 
step          3                                          before270 GPU memory total          0 free          0 free CPU memory       6702 
step          3                  after_ComputeField_SecondHalfStep GPU memory total          0 free          0 free CPU memory       6703 
step          4                   beforeComputeField_FirstHalfStep GPU memory total          0 free          0 free CPU memory       6703 
step          4                    afterComputeField_FirstHalfStep GPU memory total          0 free          0 free CPU memory       6703 
step          4                      before_CellOrder_StepAllCells GPU memory total          0 free          0 free CPU memory       6703 
step          4                            CellOrder_StepAllCells1 GPU memory total          0 free          0 free CPU memory       6703 
step          4                            CellOrder_StepAllCells3 GPU memory total          0 free          0 free CPU memory       6703 
step          4                                    beforeCopyCells GPU memory total          0 free          0 free CPU memory       6709 
step          4                                     afterCopyCells GPU memory total          0 free          0 free CPU memory       6707 
step          4                            CellOrder_StepAllCells4 GPU memory total          0 free          0 free CPU memory       6695 
step          4                            CellOrder_StepAllCells5 GPU memory total          0 free          0 free CPU memory       6695 
step          4                            CellOrder_StepAllCells6 GPU memory total          0 free          0 free CPU memory       6695 
step          4                            CellOrder_StepAllCells7 GPU memory total          0 free          0 free CPU memory       6695 
step          4                       after_CellOrder_StepAllCells GPU memory total          0 free          0 free CPU memory       6695 
step          4                                          before270 GPU memory total          0 free          0 free CPU memory       6695 
step          4                  after_ComputeField_SecondHalfStep GPU memory total          0 free          0 free CPU memory       6695 
step          5                   beforeComputeField_FirstHalfStep GPU memory total          0 free          0 free CPU memory       6695 
step          5                    afterComputeField_FirstHalfStep GPU memory total          0 free          0 free CPU memory       6695 
step          5                      before_CellOrder_StepAllCells GPU memory total          0 free          0 free CPU memory       6695 
step          5                            CellOrder_StepAllCells1 GPU memory total          0 free          0 free CPU memory       6695 
step          5                            CellOrder_StepAllCells3 GPU memory total          0 free          0 free CPU memory       6695 
step          5                                    beforeCopyCells GPU memory total          0 free          0 free CPU memory       6702 
step          5                                     afterCopyCells GPU memory total          0 free          0 free CPU memory       6701 
step          5                            CellOrder_StepAllCells4 GPU memory total          0 free          0 free CPU memory       6687 
step          5                            CellOrder_StepAllCells5 GPU memory total          0 free          0 free CPU memory       6687 
step          5                            CellOrder_StepAllCells6 GPU memory total          0 free          0 free CPU memory       6687 
step          5                            CellOrder_StepAllCells7 GPU memory total          0 free          0 free CPU memory       6687 
step          5                       after_CellOrder_StepAllCells GPU memory total          0 free          0 free CPU memory       6687 
step          5                                          before270 GPU memory total          0 free          0 free CPU memory       6687 
step          5                  after_ComputeField_SecondHalfStep GPU memory total          0 free          0 free CPU memory       6687 
step          6                   beforeComputeField_FirstHalfStep GPU memory total          0 free          0 free CPU memory       6687 
step          6                    afterComputeField_FirstHalfStep GPU memory total          0 free          0 free CPU memory       6687 
step          6                      before_CellOrder_StepAllCells GPU memory total          0 free          0 free CPU memory       6687 
step          6                            CellOrder_StepAllCells1 GPU memory total          0 free          0 free CPU memory       6687 
step          6                            CellOrder_StepAllCells3 GPU memory total          0 free          0 free CPU memory       6687 
step          6                                    beforeCopyCells GPU memory total          0 free          0 free CPU memory       6694 
step          6                                     afterCopyCells GPU memory total          0 free          0 free CPU memory       6694 
step          6                            CellOrder_StepAllCells4 GPU memory total          0 free          0 free CPU memory       6679 
step          6                            CellOrder_StepAllCells5 GPU memory total          0 free          0 free CPU memory       6679 
step          6                            CellOrder_StepAllCells6 GPU memory total          0 free          0 free CPU memory       6679 
step          6                            CellOrder_StepAllCells7 GPU memory total          0 free          0 free CPU memory       6678 
step          6                       after_CellOrder_StepAllCells GPU memory total          0 free          0 free CPU memory       6678 
step          6                                          before270 GPU memory total          0 free          0 free CPU memory       6678 
step          6                  after_ComputeField_SecondHalfStep GPU memory total          0 free          0 free CPU memory       6678 
step          7                   beforeComputeField_FirstHalfStep GPU memory total          0 free          0 free CPU memory       6678 
step          7                    afterComputeField_FirstHalfStep GPU memory total          0 free          0 free CPU memory       6678 
step          7                      before_CellOrder_StepAllCells GPU memory total          0 free          0 free CPU memory       6678 
step          7                            CellOrder_StepAllCells1 GPU memory total          0 free          0 free CPU memory       6678 
step          7                            CellOrder_StepAllCells3 GPU memory total          0 free          0 free CPU memory       6678 
step          7                                    beforeCopyCells GPU memory total          0 free          0 free CPU memory       6685 
step          7                                     afterCopyCells GPU memory total          0 free          0 free CPU memory       6686 
step          7                            CellOrder_StepAllCells4 GPU memory total          0 free          0 free CPU memory       6670 
step          7                            CellOrder_StepAllCells5 GPU memory total          0 free          0 free CPU memory       6670 
step          7                            CellOrder_StepAllCells6 GPU memory total          0 free          0 free CPU memory       6670 
step          7                            CellOrder_StepAllCells7 GPU memory total          0 free          0 free CPU memory       6670 
step          7                       after_CellOrder_StepAllCells GPU memory total          0 free          0 free CPU memory       6670 
step          7                                          before270 GPU memory total          0 free          0 free CPU memory       6670 
step          7                  after_ComputeField_SecondHalfStep GPU memory total          0 free          0 free CPU memory       6670 
step          8                   beforeComputeField_FirstHalfStep GPU memory total          0 free          0 free CPU memory       6670 
step          8                    afterComputeField_FirstHalfStep GPU memory total          0 free          0 free CPU memory       6670 
step          8                      before_CellOrder_StepAllCells GPU memory total          0 free          0 free CPU memory       6670 
step          8                            CellOrder_StepAllCells1 GPU memory total          0 free          0 free CPU memory       6670 
step          8                            CellOrder_StepAllCells3 GPU memory total          0 free          0 free CPU memory       6670 
step          8                                    beforeCopyCells GPU memory total          0 free          0 free CPU memory       6677 
step          8                                     afterCopyCells GPU memory total          0 free          0 free CPU memory       6674 
step          8                            CellOrder_StepAllCells4 GPU memory total          0 free          0 free CPU memory       6663 
step          8                            CellOrder_StepAllCells5 GPU memory total          0 free          0 free CPU memory       6663 
step          8                            CellOrder_StepAllCells6 GPU memory total          0 free          0 free CPU memory       6663 
step          8                            CellOrder_StepAllCells7 GPU memory total          0 free          0 free CPU memory       6663 
step          8                       after_CellOrder_StepAllCells GPU memory total          0 free          0 free CPU memory       6663 
step          8                                          before270 GPU memory total          0 free          0 free CPU memory       6663 
step          8                  after_ComputeField_SecondHalfStep GPU memory total          0 free          0 free CPU memory       6663 
step          9                   beforeComputeField_FirstHalfStep GPU memory total          0 free          0 free CPU memory       6663 
step          9                    afterComputeField_FirstHalfStep GPU memory total          0 free          0 free CPU memory       6663 
step          9                      before_CellOrder_StepAllCells GPU memory total          0 free          0 free CPU memory       6663 
step          9                            CellOrder_StepAllCells1 GPU memory total          0 free          0 free CPU memory       6663 
step          9                            CellOrder_StepAllCells3 GPU memory total          0 free          0 free CPU memory       6663 
step          9                                    beforeCopyCells GPU memory total          0 free          0 free CPU memory       6670 
step          9                                     afterCopyCells GPU memory total          0 free          0 free CPU memory       6667 
step          9                            CellOrder_StepAllCells4 GPU memory total          0 free          0 free CPU memory       6655 
step          9                            CellOrder_StepAllCells5 GPU memory total          0 free          0 free CPU memory       6655 
step          9                            CellOrder_StepAllCells6 GPU memory total          0 free          0 free CPU memory       6655 
step          9                            CellOrder_StepAllCells7 GPU memory total          0 free          0 free CPU memory       6655 
step          9                       after_CellOrder_StepAllCells GPU memory total          0 free          0 free CPU memory       6655 
step          9                                          before270 GPU memory total          0 free          0 free CPU memory       6655 
step          9                  after_ComputeField_SecondHalfStep GPU memory total          0 free          0 free CPU memory       6655 
step         10                   beforeComputeField_FirstHalfStep GPU memory total          0 free          0 free CPU memory       6655 
step         10                    afterComputeField_FirstHalfStep GPU memory total          0 free          0 free CPU memory       6655 
step         10                      before_CellOrder_StepAllCells GPU memory total          0 free          0 free CPU memory       6655 
step         10                            CellOrder_StepAllCells1 GPU memory total          0 free          0 free CPU memory       6655 
step         10                            CellOrder_StepAllCells3 GPU memory total          0 free          0 free CPU memory       6655 
step         10                                    beforeCopyCells GPU memory total          0 free          0 free CPU memory       6662 
step         10                                     afterCopyCells GPU memory total          0 free          0 free CPU memory       6662 
step         10                            CellOrder_StepAllCells4 GPU memory total          0 free          0 free CPU memory       6646 
step         10                            CellOrder_StepAllCells5 GPU memory total          0 free          0 free CPU memory       6646 
step         10                            CellOrder_StepAllCells6 GPU memory total          0 free          0 free CPU memory       6647 
step         10                            CellOrder_StepAllCells7 GPU memory total          0 free          0 free CPU memory       6647 
step         10                       after_CellOrder_StepAllCells GPU memory total          0 free          0 free CPU memory       6647 
step         10                                          before270 GPU memory total          0 free          0 free CPU memory       6647 
step         10                  after_ComputeField_SecondHalfStep GPU memory total          0 free          0 free CPU memory       6647 
