step          1                   beforeComputeField_FirstHalfStep GPU memory total          0 free          0 free CPU memory       9417 
step          1                    afterComputeField_FirstHalfStep GPU memory total          0 free          0 free CPU memory       9417 
step          1                      before_CellOrder_StepAllCells GPU memory total          0 free          0 free CPU memory       9417 
step          1                            CellOrder_StepAllCells1 GPU memory total          0 free          0 free CPU memory       9417 
step          1                            CellOrder_StepAllCells3 GPU memory total          0 free          0 free CPU memory       9417 
step          1                            CellOrder_StepAllCells4 GPU memory total          0 free          0 free CPU memory       9417 
step          1                            CellOrder_StepAllCells5 GPU memory total          0 free          0 free CPU memory       9417 
step          1                            CellOrder_StepAllCells6 GPU memory total          0 free          0 free CPU memory       9415 
step          1                            CellOrder_StepAllCells7 GPU memory total          0 free          0 free CPU memory       9415 
step          1                       after_CellOrder_StepAllCells GPU memory total          0 free          0 free CPU memory       9415 
step          1                                          before270 GPU memory total          0 free          0 free CPU memory       9415 
step          1                  after_ComputeField_SecondHalfStep GPU memory total          0 free          0 free CPU memory       9415 
step          2                   beforeComputeField_FirstHalfStep GPU memory total          0 free          0 free CPU memory       9415 
step          2                    afterComputeField_FirstHalfStep GPU memory total          0 free          0 free CPU memory       9415 
step          2                      before_CellOrder_StepAllCells GPU memory total          0 free          0 free CPU memory       9415 
step          2                            CellOrder_StepAllCells1 GPU memory total          0 free          0 free CPU memory       9415 
step          2                            CellOrder_StepAllCells3 GPU memory total          0 free          0 free CPU memory       9416 
step          2                                    beforeCopyCells GPU memory total          0 free          0 free CPU memory       9416 
step          2                                     afterCopyCells GPU memory total          0 free          0 free CPU memory       9243 
step          2                            CellOrder_StepAllCells4 GPU memory total          0 free          0 free CPU memory       9227 
step          2                            CellOrder_StepAllCells5 GPU memory total          0 free          0 free CPU memory       9227 
step          2                            CellOrder_StepAllCells6 GPU memory total          0 free          0 free CPU memory       9227 
step          2                            CellOrder_StepAllCells7 GPU memory total          0 free          0 free CPU memory       9227 
step          2                       after_CellOrder_StepAllCells GPU memory total          0 free          0 free CPU memory       9227 
step          2                                          before270 GPU memory total          0 free          0 free CPU memory       9227 
step          2                  after_ComputeField_SecondHalfStep GPU memory total          0 free          0 free CPU memory       9227 
step          3                   beforeComputeField_FirstHalfStep GPU memory total          0 free          0 free CPU memory       9227 
step          3                    afterComputeField_FirstHalfStep GPU memory total          0 free          0 free CPU memory       9227 
step          3                      before_CellOrder_StepAllCells GPU memory total          0 free          0 free CPU memory       9226 
step          3                            CellOrder_StepAllCells1 GPU memory total          0 free          0 free CPU memory       9226 
step          3                            CellOrder_StepAllCells3 GPU memory total          0 free          0 free CPU memory       9226 
step          3                            CellOrder_StepAllCells4 GPU memory total          0 free          0 free CPU memory       9226 
step          3                            CellOrder_StepAllCells5 GPU memory total          0 free          0 free CPU memory       9218 
step          3                            CellOrder_StepAllCells6 GPU memory total          0 free          0 free CPU memory       9218 
step          3                            CellOrder_StepAllCells7 GPU memory total          0 free          0 free CPU memory       9218 
step          3                       after_CellOrder_StepAllCells GPU memory total          0 free          0 free CPU memory       9218 
step          3                                          before270 GPU memory total          0 free          0 free CPU memory       9218 
step          3                  after_ComputeField_SecondHalfStep GPU memory total          0 free          0 free CPU memory       9214 
step          4                   beforeComputeField_FirstHalfStep GPU memory total          0 free          0 free CPU memory       9214 
step          4                    afterComputeField_FirstHalfStep GPU memory total          0 free          0 free CPU memory       9214 
step          4                      before_CellOrder_StepAllCells GPU memory total          0 free          0 free CPU memory       9276 
step          4                            CellOrder_StepAllCells1 GPU memory total          0 free          0 free CPU memory       9276 
step          4                            CellOrder_StepAllCells3 GPU memory total          0 free          0 free CPU memory       9263 
step          4                                    beforeCopyCells GPU memory total          0 free          0 free CPU memory       9263 
step          4                                     afterCopyCells GPU memory total          0 free          0 free CPU memory       9263 
step          4                            CellOrder_StepAllCells4 GPU memory total          0 free          0 free CPU memory       8851 
step          4                            CellOrder_StepAllCells5 GPU memory total          0 free          0 free CPU memory       8858 
step          4                            CellOrder_StepAllCells6 GPU memory total          0 free          0 free CPU memory       8858 
step          4                            CellOrder_StepAllCells7 GPU memory total          0 free          0 free CPU memory       8858 
step          4                       after_CellOrder_StepAllCells GPU memory total          0 free          0 free CPU memory       8858 
step          4                                          before270 GPU memory total          0 free          0 free CPU memory       8858 
step          4                  after_ComputeField_SecondHalfStep GPU memory total          0 free          0 free CPU memory       8864 
step          5                   beforeComputeField_FirstHalfStep GPU memory total          0 free          0 free CPU memory       8864 
step          5                    afterComputeField_FirstHalfStep GPU memory total          0 free          0 free CPU memory       8864 
step          5                      before_CellOrder_StepAllCells GPU memory total          0 free          0 free CPU memory       8863 
step          5                            CellOrder_StepAllCells1 GPU memory total          0 free          0 free CPU memory       8863 
step          5                            CellOrder_StepAllCells3 GPU memory total          0 free          0 free CPU memory       8866 
step          5                            CellOrder_StepAllCells4 GPU memory total          0 free          0 free CPU memory       9281 
step          5                            CellOrder_StepAllCells5 GPU memory total          0 free          0 free CPU memory       9282 
step          5                            CellOrder_StepAllCells6 GPU memory total          0 free          0 free CPU memory       9282 
step          5                            CellOrder_StepAllCells7 GPU memory total          0 free          0 free CPU memory       9282 
step          5                       after_CellOrder_StepAllCells GPU memory total          0 free          0 free CPU memory       9282 
step          5                                          before270 GPU memory total          0 free          0 free CPU memory       9282 
step          5                  after_ComputeField_SecondHalfStep GPU memory total          0 free          0 free CPU memory       9282 
step          6                   beforeComputeField_FirstHalfStep GPU memory total          0 free          0 free CPU memory       9282 
step          6                    afterComputeField_FirstHalfStep GPU memory total          0 free          0 free CPU memory       9282 
step          6                      before_CellOrder_StepAllCells GPU memory total          0 free          0 free CPU memory       9282 
step          6                            CellOrder_StepAllCells1 GPU memory total          0 free          0 free CPU memory       9282 
step          6                            CellOrder_StepAllCells3 GPU memory total          0 free          0 free CPU memory       9282 
step          6                                    beforeCopyCells GPU memory total          0 free          0 free CPU memory       9282 
step          6                                     afterCopyCells GPU memory total          0 free          0 free CPU memory       9282 
