step          1                   beforeComputeField_FirstHalfStep GPU memory total          0 free          0 free CPU memory       9894 
step          1                    afterComputeField_FirstHalfStep GPU memory total          0 free          0 free CPU memory       9894 
step          1                      before_CellOrder_StepAllCells GPU memory total          0 free          0 free CPU memory       9894 
step          1                            CellOrder_StepAllCells1 GPU memory total          0 free          0 free CPU memory       9894 
step          1                            CellOrder_StepAllCells3 GPU memory total          0 free          0 free CPU memory       9894 
step          1                            CellOrder_StepAllCells4 GPU memory total          0 free          0 free CPU memory       9894 
step          1                            CellOrder_StepAllCells5 GPU memory total          0 free          0 free CPU memory       9894 
step          1                            CellOrder_StepAllCells6 GPU memory total          0 free          0 free CPU memory       9892 
step          1                            CellOrder_StepAllCells7 GPU memory total          0 free          0 free CPU memory       9892 
step          1                       after_CellOrder_StepAllCells GPU memory total          0 free          0 free CPU memory       9892 
step          1                                          before270 GPU memory total          0 free          0 free CPU memory       9892 
step          1                  after_ComputeField_SecondHalfStep GPU memory total          0 free          0 free CPU memory       9892 
step          2                   beforeComputeField_FirstHalfStep GPU memory total          0 free          0 free CPU memory       9892 
step          2                    afterComputeField_FirstHalfStep GPU memory total          0 free          0 free CPU memory       9892 
step          2                      before_CellOrder_StepAllCells GPU memory total          0 free          0 free CPU memory       9868 
step          2                            CellOrder_StepAllCells1 GPU memory total          0 free          0 free CPU memory       9868 
step          2                            CellOrder_StepAllCells3 GPU memory total          0 free          0 free CPU memory       9857 
step          2                                    beforeCopyCells GPU memory total          0 free          0 free CPU memory       9857 
step          2                                     afterCopyCells GPU memory total          0 free          0 free CPU memory       9689 
step          2                            CellOrder_StepAllCells4 GPU memory total          0 free          0 free CPU memory       9671 
step          2                            CellOrder_StepAllCells5 GPU memory total          0 free          0 free CPU memory       9671 
step          2                            CellOrder_StepAllCells6 GPU memory total          0 free          0 free CPU memory       9671 
step          2                            CellOrder_StepAllCells7 GPU memory total          0 free          0 free CPU memory       9671 
step          2                       after_CellOrder_StepAllCells GPU memory total          0 free          0 free CPU memory       9671 
step          2                                          before270 GPU memory total          0 free          0 free CPU memory       9671 
step          2                  after_ComputeField_SecondHalfStep GPU memory total          0 free          0 free CPU memory       9671 
step          3                   beforeComputeField_FirstHalfStep GPU memory total          0 free          0 free CPU memory       9671 
step          3                    afterComputeField_FirstHalfStep GPU memory total          0 free          0 free CPU memory       9671 
step          3                      before_CellOrder_StepAllCells GPU memory total          0 free          0 free CPU memory       9671 
step          3                            CellOrder_StepAllCells1 GPU memory total          0 free          0 free CPU memory       9671 
step          3                            CellOrder_StepAllCells3 GPU memory total          0 free          0 free CPU memory       9671 
step          3                            CellOrder_StepAllCells4 GPU memory total          0 free          0 free CPU memory       9671 
step          3                            CellOrder_StepAllCells5 GPU memory total          0 free          0 free CPU memory       9663 
step          3                            CellOrder_StepAllCells6 GPU memory total          0 free          0 free CPU memory       9663 
step          3                            CellOrder_StepAllCells7 GPU memory total          0 free          0 free CPU memory       9663 
step          3                       after_CellOrder_StepAllCells GPU memory total          0 free          0 free CPU memory       9663 
step          3                                          before270 GPU memory total          0 free          0 free CPU memory       9663 
step          3                  after_ComputeField_SecondHalfStep GPU memory total          0 free          0 free CPU memory       9661 
step          4                   beforeComputeField_FirstHalfStep GPU memory total          0 free          0 free CPU memory       9661 
step          4                    afterComputeField_FirstHalfStep GPU memory total          0 free          0 free CPU memory       9661 
step          4                      before_CellOrder_StepAllCells GPU memory total          0 free          0 free CPU memory       9645 
step          4                            CellOrder_StepAllCells1 GPU memory total          0 free          0 free CPU memory       9645 
step          4                            CellOrder_StepAllCells3 GPU memory total          0 free          0 free CPU memory       9633 
step          4                                    beforeCopyCells GPU memory total          0 free          0 free CPU memory       9633 
step          4                                     afterCopyCells GPU memory total          0 free          0 free CPU memory       9632 
step          4                            CellOrder_StepAllCells4 GPU memory total          0 free          0 free CPU memory       9239 
step          4                            CellOrder_StepAllCells5 GPU memory total          0 free          0 free CPU memory       9244 
step          4                            CellOrder_StepAllCells6 GPU memory total          0 free          0 free CPU memory       9244 
step          4                            CellOrder_StepAllCells7 GPU memory total          0 free          0 free CPU memory       9244 
step          4                       after_CellOrder_StepAllCells GPU memory total          0 free          0 free CPU memory       9244 
step          4                                          before270 GPU memory total          0 free          0 free CPU memory       9244 
step          4                  after_ComputeField_SecondHalfStep GPU memory total          0 free          0 free CPU memory       9244 
step          5                   beforeComputeField_FirstHalfStep GPU memory total          0 free          0 free CPU memory       9244 
step          5                    afterComputeField_FirstHalfStep GPU memory total          0 free          0 free CPU memory       9244 
step          5                      before_CellOrder_StepAllCells GPU memory total          0 free          0 free CPU memory       9244 
step          5                            CellOrder_StepAllCells1 GPU memory total          0 free          0 free CPU memory       9244 
step          5                            CellOrder_StepAllCells3 GPU memory total          0 free          0 free CPU memory       9244 
step          5                            CellOrder_StepAllCells4 GPU memory total          0 free          0 free CPU memory       9655 
step          5                            CellOrder_StepAllCells5 GPU memory total          0 free          0 free CPU memory       9655 
step          5                            CellOrder_StepAllCells6 GPU memory total          0 free          0 free CPU memory       9655 
step          5                            CellOrder_StepAllCells7 GPU memory total          0 free          0 free CPU memory       9655 
step          5                       after_CellOrder_StepAllCells GPU memory total          0 free          0 free CPU memory       9655 
step          5                                          before270 GPU memory total          0 free          0 free CPU memory       9655 
step          5                  after_ComputeField_SecondHalfStep GPU memory total          0 free          0 free CPU memory       9655 
step          6                   beforeComputeField_FirstHalfStep GPU memory total          0 free          0 free CPU memory       9655 
step          6                    afterComputeField_FirstHalfStep GPU memory total          0 free          0 free CPU memory       9655 
step          6                      before_CellOrder_StepAllCells GPU memory total          0 free          0 free CPU memory       9655 
step          6                            CellOrder_StepAllCells1 GPU memory total          0 free          0 free CPU memory       9655 
step          6                            CellOrder_StepAllCells3 GPU memory total          0 free          0 free CPU memory       9655 
step          6                                    beforeCopyCells GPU memory total          0 free          0 free CPU memory       9655 
step          6                                     afterCopyCells GPU memory total          0 free          0 free CPU memory       9655 
step          6                            CellOrder_StepAllCells4 GPU memory total          0 free          0 free CPU memory       9647 
step          6                            CellOrder_StepAllCells5 GPU memory total          0 free          0 free CPU memory       9647 
step          6                            CellOrder_StepAllCells6 GPU memory total          0 free          0 free CPU memory       9647 
step          6                            CellOrder_StepAllCells7 GPU memory total          0 free          0 free CPU memory       9647 
step          6                       after_CellOrder_StepAllCells GPU memory total          0 free          0 free CPU memory       9647 
step          6                                          before270 GPU memory total          0 free          0 free CPU memory       9647 
step          6                  after_ComputeField_SecondHalfStep GPU memory total          0 free          0 free CPU memory       9647 
step          7                   beforeComputeField_FirstHalfStep GPU memory total          0 free          0 free CPU memory       9647 
step          7                    afterComputeField_FirstHalfStep GPU memory total          0 free          0 free CPU memory       9647 
step          7                      before_CellOrder_StepAllCells GPU memory total          0 free          0 free CPU memory       9647 
step          7                            CellOrder_StepAllCells1 GPU memory total          0 free          0 free CPU memory       9647 
step          7                            CellOrder_StepAllCells3 GPU memory total          0 free          0 free CPU memory       9662 
step          7                            CellOrder_StepAllCells4 GPU memory total          0 free          0 free CPU memory       9666 
step          7                            CellOrder_StepAllCells5 GPU memory total          0 free          0 free CPU memory       9666 
step          7                            CellOrder_StepAllCells6 GPU memory total          0 free          0 free CPU memory       9666 
step          7                            CellOrder_StepAllCells7 GPU memory total          0 free          0 free CPU memory       9666 
step          7                       after_CellOrder_StepAllCells GPU memory total          0 free          0 free CPU memory       9666 
step          7                                          before270 GPU memory total          0 free          0 free CPU memory       9666 
step          7                  after_ComputeField_SecondHalfStep GPU memory total          0 free          0 free CPU memory       9666 
step          8                   beforeComputeField_FirstHalfStep GPU memory total          0 free          0 free CPU memory       9666 
step          8                    afterComputeField_FirstHalfStep GPU memory total          0 free          0 free CPU memory       9666 
step          8                      before_CellOrder_StepAllCells GPU memory total          0 free          0 free CPU memory       9666 
step          8                            CellOrder_StepAllCells1 GPU memory total          0 free          0 free CPU memory       9666 
step          8                            CellOrder_StepAllCells3 GPU memory total          0 free          0 free CPU memory       9666 
step          8                                    beforeCopyCells GPU memory total          0 free          0 free CPU memory       9666 
step          8                                     afterCopyCells GPU memory total          0 free          0 free CPU memory       9666 
step          8                            CellOrder_StepAllCells4 GPU memory total          0 free          0 free CPU memory       9650 
step          8                            CellOrder_StepAllCells5 GPU memory total          0 free          0 free CPU memory       9651 
step          8                            CellOrder_StepAllCells6 GPU memory total          0 free          0 free CPU memory       9651 
step          8                            CellOrder_StepAllCells7 GPU memory total          0 free          0 free CPU memory       9651 
step          8                       after_CellOrder_StepAllCells GPU memory total          0 free          0 free CPU memory       9651 
step          8                                          before270 GPU memory total          0 free          0 free CPU memory       9651 
step          8                  after_ComputeField_SecondHalfStep GPU memory total          0 free          0 free CPU memory       9651 
step          9                   beforeComputeField_FirstHalfStep GPU memory total          0 free          0 free CPU memory       9651 
step          9                    afterComputeField_FirstHalfStep GPU memory total          0 free          0 free CPU memory       9651 
step          9                      before_CellOrder_StepAllCells GPU memory total          0 free          0 free CPU memory       9651 
step          9                            CellOrder_StepAllCells1 GPU memory total          0 free          0 free CPU memory       9651 
step          9                            CellOrder_StepAllCells3 GPU memory total          0 free          0 free CPU memory       9651 
step          9                            CellOrder_StepAllCells4 GPU memory total          0 free          0 free CPU memory       9651 
step          9                            CellOrder_StepAllCells5 GPU memory total          0 free          0 free CPU memory       9651 
step          9                            CellOrder_StepAllCells6 GPU memory total          0 free          0 free CPU memory       9651 
step          9                            CellOrder_StepAllCells7 GPU memory total          0 free          0 free CPU memory       9651 
step          9                       after_CellOrder_StepAllCells GPU memory total          0 free          0 free CPU memory       9651 
step          9                                          before270 GPU memory total          0 free          0 free CPU memory       9651 
step          9                  after_ComputeField_SecondHalfStep GPU memory total          0 free          0 free CPU memory       9651 
step         10                   beforeComputeField_FirstHalfStep GPU memory total          0 free          0 free CPU memory       9651 
step         10                    afterComputeField_FirstHalfStep GPU memory total          0 free          0 free CPU memory       9651 
step         10                      before_CellOrder_StepAllCells GPU memory total          0 free          0 free CPU memory       9651 
step         10                            CellOrder_StepAllCells1 GPU memory total          0 free          0 free CPU memory       9651 
step         10                            CellOrder_StepAllCells3 GPU memory total          0 free          0 free CPU memory       9651 
step         10                                    beforeCopyCells GPU memory total          0 free          0 free CPU memory       9651 
step         10                                     afterCopyCells GPU memory total          0 free          0 free CPU memory       9651 
step         10                            CellOrder_StepAllCells4 GPU memory total          0 free          0 free CPU memory       9635 
step         10                            CellOrder_StepAllCells5 GPU memory total          0 free          0 free CPU memory       9635 
step         10                            CellOrder_StepAllCells6 GPU memory total          0 free          0 free CPU memory       9635 
step         10                            CellOrder_StepAllCells7 GPU memory total          0 free          0 free CPU memory       9635 
step         10                       after_CellOrder_StepAllCells GPU memory total          0 free          0 free CPU memory       9635 
step         10                                          before270 GPU memory total          0 free          0 free CPU memory       9635 
step         10                  after_ComputeField_SecondHalfStep GPU memory total          0 free          0 free CPU memory       9635 
