step          1                   beforeComputeField_FirstHalfStep GPU memory total          0 free          0 free CPU memory       9242 
step          1                    afterComputeField_FirstHalfStep GPU memory total          0 free          0 free CPU memory       9242 
step          1                      before_CellOrder_StepAllCells GPU memory total          0 free          0 free CPU memory       9242 
step          1                            CellOrder_StepAllCells1 GPU memory total          0 free          0 free CPU memory       9242 
step          1                            CellOrder_StepAllCells3 GPU memory total          0 free          0 free CPU memory       9242 
step          1                            CellOrder_StepAllCells4 GPU memory total          0 free          0 free CPU memory       9242 
step          1                            CellOrder_StepAllCells5 GPU memory total          0 free          0 free CPU memory       9242 
step          1                            CellOrder_StepAllCells6 GPU memory total          0 free          0 free CPU memory       9240 
step          1                            CellOrder_StepAllCells7 GPU memory total          0 free          0 free CPU memory       9240 
step          1                       after_CellOrder_StepAllCells GPU memory total          0 free          0 free CPU memory       9240 
step          1                                          before270 GPU memory total          0 free          0 free CPU memory       9240 
step          1                  after_ComputeField_SecondHalfStep GPU memory total          0 free          0 free CPU memory       9240 
step          2                   beforeComputeField_FirstHalfStep GPU memory total          0 free          0 free CPU memory       9240 
step          2                    afterComputeField_FirstHalfStep GPU memory total          0 free          0 free CPU memory       9240 
step          2                      before_CellOrder_StepAllCells GPU memory total          0 free          0 free CPU memory       9240 
step          2                            CellOrder_StepAllCells1 GPU memory total          0 free          0 free CPU memory       9240 
step          2                            CellOrder_StepAllCells3 GPU memory total          0 free          0 free CPU memory       9240 
step          2                                    beforeCopyCells GPU memory total          0 free          0 free CPU memory       9240 
step          2                                     afterCopyCells GPU memory total          0 free          0 free CPU memory       9066 
step          2                            CellOrder_StepAllCells4 GPU memory total          0 free          0 free CPU memory       9050 
step          2                            CellOrder_StepAllCells5 GPU memory total          0 free          0 free CPU memory       9050 
step          2                            CellOrder_StepAllCells6 GPU memory total          0 free          0 free CPU memory       9050 
step          2                            CellOrder_StepAllCells7 GPU memory total          0 free          0 free CPU memory       9050 
step          2                       after_CellOrder_StepAllCells GPU memory total          0 free          0 free CPU memory       9050 
step          2                                          before270 GPU memory total          0 free          0 free CPU memory       9050 
step          2                  after_ComputeField_SecondHalfStep GPU memory total          0 free          0 free CPU memory       9050 
step          3                   beforeComputeField_FirstHalfStep GPU memory total          0 free          0 free CPU memory       9050 
step          3                    afterComputeField_FirstHalfStep GPU memory total          0 free          0 free CPU memory       9050 
step          3                      before_CellOrder_StepAllCells GPU memory total          0 free          0 free CPU memory       9050 
step          3                            CellOrder_StepAllCells1 GPU memory total          0 free          0 free CPU memory       9050 
step          3                            CellOrder_StepAllCells3 GPU memory total          0 free          0 free CPU memory       9050 
